2019-02-02T01:11:33.988312Z 0 [Warning] [MY-010915] [Server] 'NO_ZERO_DATE', 'NO_ZERO_IN_DATE' and 'ERROR_FOR_DIVISION_BY_ZERO' sql modes should be used with strict mode. They will be merged with strict mode in a future release.
2019-02-02T01:11:33.993338Z 0 [System] [MY-010116] [Server] C:\Program Files\MySQL\MySQL Server 8.0\bin\mysqld.exe (mysqld 8.0.14) starting as process 4820
2019-02-02T01:11:40.656593Z 0 [Warning] [MY-010068] [Server] CA certificate ca.pem is self signed.
2019-02-02T01:11:40.768531Z 0 [System] [MY-010931] [Server] C:\Program Files\MySQL\MySQL Server 8.0\bin\mysqld.exe: ready for connections. Version: '8.0.14'  socket: ''  port: 3306  MySQL Community Server - GPL.
2019-02-02T01:11:40.874204Z 0 [System] [MY-011323] [Server] X Plugin ready for connections. Bind-address: '::' port: 33060
2019-02-02T01:21:50.815832Z 0 [System] [MY-013105] [Server] C:\Program Files\MySQL\MySQL Server 8.0\bin\mysqld.exe: Normal shutdown.
2019-02-02T01:22:06.277737Z 0 [System] [MY-010910] [Server] C:\Program Files\MySQL\MySQL Server 8.0\bin\mysqld.exe: Shutdown complete (mysqld 8.0.14)  MySQL Community Server - GPL.
2019-02-03T07:50:53.488654Z 0 [Warning] [MY-010915] [Server] 'NO_ZERO_DATE', 'NO_ZERO_IN_DATE' and 'ERROR_FOR_DIVISION_BY_ZERO' sql modes should be used with strict mode. They will be merged with strict mode in a future release.
2019-02-03T07:50:53.637539Z 0 [System] [MY-010116] [Server] C:\Program Files\MySQL\MySQL Server 8.0\bin\mysqld.exe (mysqld 8.0.14) starting as process 2596
2019-02-03T07:51:39.226187Z 0 [Warning] [MY-010068] [Server] CA certificate ca.pem is self signed.
2019-02-03T07:51:40.478607Z 0 [System] [MY-010931] [Server] C:\Program Files\MySQL\MySQL Server 8.0\bin\mysqld.exe: ready for connections. Version: '8.0.14'  socket: ''  port: 3306  MySQL Community Server - GPL.
2019-02-03T07:51:40.584726Z 0 [System] [MY-011323] [Server] X Plugin ready for connections. Bind-address: '::' port: 33060
2019-02-03T08:08:16.505711Z 0 [System] [MY-013105] [Server] C:\Program Files\MySQL\MySQL Server 8.0\bin\mysqld.exe: Normal shutdown.
2019-02-03T08:08:24.121992Z 0 [System] [MY-010910] [Server] C:\Program Files\MySQL\MySQL Server 8.0\bin\mysqld.exe: Shutdown complete (mysqld 8.0.14)  MySQL Community Server - GPL.
2019-02-03T09:12:38.974307Z 0 [Warning] [MY-010915] [Server] 'NO_ZERO_DATE', 'NO_ZERO_IN_DATE' and 'ERROR_FOR_DIVISION_BY_ZERO' sql modes should be used with strict mode. They will be merged with strict mode in a future release.
2019-02-03T09:12:39.181765Z 0 [System] [MY-010116] [Server] C:\Program Files\MySQL\MySQL Server 8.0\bin\mysqld.exe (mysqld 8.0.14) starting as process 3252
2019-02-03T09:13:12.516398Z 0 [Warning] [MY-010068] [Server] CA certificate ca.pem is self signed.
2019-02-03T09:13:13.524530Z 0 [System] [MY-010931] [Server] C:\Program Files\MySQL\MySQL Server 8.0\bin\mysqld.exe: ready for connections. Version: '8.0.14'  socket: ''  port: 3306  MySQL Community Server - GPL.
2019-02-03T09:13:13.785940Z 0 [System] [MY-011323] [Server] X Plugin ready for connections. Bind-address: '::' port: 33060
2019-02-03T10:34:46.909090Z 0 [System] [MY-013105] [Server] C:\Program Files\MySQL\MySQL Server 8.0\bin\mysqld.exe: Normal shutdown.
2019-02-03T10:34:49.545451Z 0 [System] [MY-010910] [Server] C:\Program Files\MySQL\MySQL Server 8.0\bin\mysqld.exe: Shutdown complete (mysqld 8.0.14)  MySQL Community Server - GPL.
2019-02-03T10:36:44.351088Z 0 [Warning] [MY-010915] [Server] 'NO_ZERO_DATE', 'NO_ZERO_IN_DATE' and 'ERROR_FOR_DIVISION_BY_ZERO' sql modes should be used with strict mode. They will be merged with strict mode in a future release.
2019-02-03T10:36:44.358516Z 0 [System] [MY-010116] [Server] C:\Program Files\MySQL\MySQL Server 8.0\bin\mysqld.exe (mysqld 8.0.14) starting as process 1820
2019-02-03T10:36:50.327886Z 0 [Warning] [MY-010068] [Server] CA certificate ca.pem is self signed.
2019-02-03T10:36:50.974691Z 0 [System] [MY-010931] [Server] C:\Program Files\MySQL\MySQL Server 8.0\bin\mysqld.exe: ready for connections. Version: '8.0.14'  socket: ''  port: 3306  MySQL Community Server - GPL.
2019-02-03T10:36:51.086308Z 0 [System] [MY-011323] [Server] X Plugin ready for connections. Bind-address: '::' port: 33060
2019-02-04T08:33:08.211202Z 0 [System] [MY-013105] [Server] C:\Program Files\MySQL\MySQL Server 8.0\bin\mysqld.exe: Normal shutdown.
2019-02-04T08:33:20.805076Z 0 [System] [MY-010910] [Server] C:\Program Files\MySQL\MySQL Server 8.0\bin\mysqld.exe: Shutdown complete (mysqld 8.0.14)  MySQL Community Server - GPL.
2019-02-05T04:22:08.004259Z 0 [Warning] [MY-010915] [Server] 'NO_ZERO_DATE', 'NO_ZERO_IN_DATE' and 'ERROR_FOR_DIVISION_BY_ZERO' sql modes should be used with strict mode. They will be merged with strict mode in a future release.
2019-02-05T04:22:08.215059Z 0 [System] [MY-010116] [Server] C:\Program Files\MySQL\MySQL Server 8.0\bin\mysqld.exe (mysqld 8.0.14) starting as process 3360
2019-02-05T04:22:40.442794Z 0 [Warning] [MY-010068] [Server] CA certificate ca.pem is self signed.
2019-02-05T04:22:41.539994Z 0 [System] [MY-010931] [Server] C:\Program Files\MySQL\MySQL Server 8.0\bin\mysqld.exe: ready for connections. Version: '8.0.14'  socket: ''  port: 3306  MySQL Community Server - GPL.
2019-02-05T04:22:41.939211Z 0 [System] [MY-011323] [Server] X Plugin ready for connections. Bind-address: '::' port: 33060
2019-02-05T04:23:48.919159Z 0 [System] [MY-013105] [Server] C:\Program Files\MySQL\MySQL Server 8.0\bin\mysqld.exe: Normal shutdown.
2019-02-05T04:23:52.970984Z 0 [System] [MY-010910] [Server] C:\Program Files\MySQL\MySQL Server 8.0\bin\mysqld.exe: Shutdown complete (mysqld 8.0.14)  MySQL Community Server - GPL.
2019-02-05T04:36:52.249723Z 0 [Warning] [MY-010915] [Server] 'NO_ZERO_DATE', 'NO_ZERO_IN_DATE' and 'ERROR_FOR_DIVISION_BY_ZERO' sql modes should be used with strict mode. They will be merged with strict mode in a future release.
2019-02-05T04:36:52.265835Z 0 [System] [MY-010116] [Server] C:\Program Files\MySQL\MySQL Server 8.0\bin\mysqld.exe (mysqld 8.0.14) starting as process 5504
2019-02-05T04:36:58.853727Z 0 [Warning] [MY-010068] [Server] CA certificate ca.pem is self signed.
2019-02-05T04:36:59.015028Z 0 [System] [MY-010931] [Server] C:\Program Files\MySQL\MySQL Server 8.0\bin\mysqld.exe: ready for connections. Version: '8.0.14'  socket: ''  port: 3306  MySQL Community Server - GPL.
2019-02-05T04:36:59.110083Z 0 [System] [MY-011323] [Server] X Plugin ready for connections. Bind-address: '::' port: 33060
